2018-10-14 10:17:50 - PHP Warning:  mysqli::__construct(): (HY000/1045): Access denied for user ''@'172.17.0.3' (using password: NO) in /var/www/html/system/library/db/mysqli.php on line 7
2018-10-14 10:17:50 - PHP Warning:  DB\MySQLi::__construct(): Couldn't fetch mysqli in /var/www/html/system/library/db/mysqli.php on line 10
2018-10-14 10:17:50 - PHP Warning:  DB\MySQLi::__construct(): Couldn't fetch mysqli in /var/www/html/system/library/db/mysqli.php on line 10
2018-10-14 10:49:32 - PHP Warning:  unlink(/var/www/html/system/storage/cache/cache.catalog.language.1539517771): No such file or directory in /var/www/html/system/library/cache/file.php on line 68
2018-10-14 11:07:33 - PHP Warning:  unlink(/var/www/html/system/storage/cache/cache.catalog.language.1539518853): No such file or directory in /var/www/html/system/library/cache/file.php on line 68
2018-10-20 9:17:34 - PHP Warning:  mysqli::__construct(): php_network_getaddresses: getaddrinfo failed: Name or service not known in /var/www/html/system/library/db/mysqli.php on line 7
2018-10-20 9:17:34 - PHP Warning:  mysqli::__construct(): (HY000/2002): php_network_getaddresses: getaddrinfo failed: Name or service not known in /var/www/html/system/library/db/mysqli.php on line 7
2018-10-20 9:17:34 - PHP Warning:  DB\MySQLi::__construct(): Couldn't fetch mysqli in /var/www/html/system/library/db/mysqli.php on line 10
2018-10-20 9:17:34 - PHP Warning:  DB\MySQLi::__construct(): Couldn't fetch mysqli in /var/www/html/system/library/db/mysqli.php on line 10
2018-10-20 9:22:09 - PHP Warning:  mysqli::__construct(): php_network_getaddresses: getaddrinfo failed: Name or service not known in /var/www/html/system/library/db/mysqli.php on line 7
2018-10-20 9:22:09 - PHP Warning:  mysqli::__construct(): (HY000/2002): php_network_getaddresses: getaddrinfo failed: Name or service not known in /var/www/html/system/library/db/mysqli.php on line 7
2018-10-20 9:22:09 - PHP Warning:  DB\MySQLi::__construct(): Couldn't fetch mysqli in /var/www/html/system/library/db/mysqli.php on line 10
2018-10-20 9:22:09 - PHP Warning:  DB\MySQLi::__construct(): Couldn't fetch mysqli in /var/www/html/system/library/db/mysqli.php on line 10
2018-10-20 9:22:21 - PHP Warning:  mysqli::__construct(): php_network_getaddresses: getaddrinfo failed: Name or service not known in /var/www/html/system/library/db/mysqli.php on line 7
2018-10-20 9:22:21 - PHP Warning:  mysqli::__construct(): (HY000/2002): php_network_getaddresses: getaddrinfo failed: Name or service not known in /var/www/html/system/library/db/mysqli.php on line 7
2018-10-20 9:22:21 - PHP Warning:  DB\MySQLi::__construct(): Couldn't fetch mysqli in /var/www/html/system/library/db/mysqli.php on line 10
2018-10-20 9:22:21 - PHP Warning:  DB\MySQLi::__construct(): Couldn't fetch mysqli in /var/www/html/system/library/db/mysqli.php on line 10
2018-10-20 11:36:34 - PHP Warning:  Division by zero in /var/www/html/catalog/controller/extension/module/countdown.php on line 157
2018-10-20 11:37:38 - PHP Warning:  Division by zero in /var/www/html/catalog/controller/extension/module/countdown.php on line 157
2018-10-20 11:37:53 - PHP Warning:  Division by zero in /var/www/html/catalog/controller/extension/module/countdown.php on line 157
2018-10-20 11:39:45 - PHP Warning:  Division by zero in /var/www/html/catalog/controller/extension/module/countdown.php on line 157
2018-10-20 11:40:05 - PHP Warning:  Division by zero in /var/www/html/catalog/controller/extension/module/countdown.php on line 157
2018-10-20 11:40:48 - PHP Warning:  Division by zero in /var/www/html/catalog/controller/extension/module/countdown.php on line 157
2018-10-20 11:41:55 - PHP Warning:  Division by zero in /var/www/html/catalog/controller/extension/module/countdown.php on line 157
2018-10-20 16:23:03 - PHP Warning:  unlink(/var/www/html/system/storage/cache/cache.catalog.language.1540056182): No such file or directory in /var/www/html/system/library/cache/file.php on line 68
