2018-10-14 9:47:42 - MOD: Modification Default

FILE: system/engine/action.php
REGEX: ~(require|include)(_once)?\(([^)]+)~
LINE: 69

FILE: system/engine/loader.php
REGEX: ~(require|include)(_once)?\(([^)]+)~
LINE: 77
LINE: 151
LINE: 168

FILE: system/library/config.php
REGEX: ~(require|include)(_once)?\(([^)]+)~
LINE: 59

FILE: system/library/language.php
REGEX: ~(require|include)(_once)?\(([^)]+)~
LINE: 67
LINE: 73

FILE: system/library/template/template.php
REGEX: ~(require|include)(_once)?\(([^)]+)~
LINE: 18

FILE: system/library/template/twig.php
CODE: $loader = new \Twig_Loader_Filesystem(DIR_TEMPLATE);
LINE: 19
----------------------------------------------------------------
MOD: Inspire Newsletter
----------------------------------------------------------------
MOD: Inspire QuickView

FILE: catalog/controller/common/header.php
CODE: $data['title'] = $this->document->getTitle();
LINE: 29
----------------------------------------------------------------
MOD: OC Search Category by inspire
CODE: $data['search'] = $this->load->controller('common/search');
LINE: 78
----------------------------------------------------------------
2018-10-14 9:49:16 - MOD: Modification Default

FILE: system/engine/action.php
REGEX: ~(require|include)(_once)?\(([^)]+)~
LINE: 69

FILE: system/engine/loader.php
REGEX: ~(require|include)(_once)?\(([^)]+)~
LINE: 77
LINE: 151
LINE: 168

FILE: system/library/config.php
REGEX: ~(require|include)(_once)?\(([^)]+)~
LINE: 59

FILE: system/library/language.php
REGEX: ~(require|include)(_once)?\(([^)]+)~
LINE: 67
LINE: 73

FILE: system/library/template/template.php
REGEX: ~(require|include)(_once)?\(([^)]+)~
LINE: 18

FILE: system/library/template/twig.php
CODE: $loader = new \Twig_Loader_Filesystem(DIR_TEMPLATE);
LINE: 19
----------------------------------------------------------------
MOD: Inspire Newsletter
----------------------------------------------------------------
MOD: Inspire QuickView

FILE: catalog/controller/common/header.php
CODE: $data['title'] = $this->document->getTitle();
LINE: 29
----------------------------------------------------------------
MOD: OC Search Category by inspire
CODE: $data['search'] = $this->load->controller('common/search');
LINE: 78
----------------------------------------------------------------
